\BOOKMARK [1][-]{section*.1}{Inhaltsverzeichnis}{}% 1
\BOOKMARK [1][-]{section.1}{Einleitung}{}% 2
\BOOKMARK [2][-]{subsection.1.1}{Ausgangslage}{section.1}% 3
\BOOKMARK [3][-]{subsubsection.1.1.1}{Die Firma Commercetools}{subsection.1.1}% 4
\BOOKMARK [3][-]{subsubsection.1.1.2}{Das Ergebnis}{subsection.1.1}% 5
\BOOKMARK [2][-]{subsection.1.2}{Idee}{section.1}% 6
\BOOKMARK [1][-]{section.2}{Usability Analyse}{}% 7
\BOOKMARK [2][-]{subsection.2.1}{IST - Stand}{section.2}% 8
\BOOKMARK [3][-]{subsubsection.2.1.1}{Login}{subsection.2.1}% 9
\BOOKMARK [3][-]{subsubsection.2.1.2}{Start}{subsection.2.1}% 10
\BOOKMARK [3][-]{subsubsection.2.1.3}{Men\374}{subsection.2.1}% 11
\BOOKMARK [3][-]{subsubsection.2.1.4}{Agebote und Gesuche erstellen }{subsection.2.1}% 12
\BOOKMARK [3][-]{subsubsection.2.1.5}{Matching}{subsection.2.1}% 13
\BOOKMARK [3][-]{subsubsection.2.1.6}{"Eigene" anzeigen}{subsection.2.1}% 14
\BOOKMARK [2][-]{subsection.2.2}{Fazit}{section.2}% 15
\BOOKMARK [3][-]{subsubsection.2.2.1}{Positiv}{subsection.2.2}% 16
\BOOKMARK [3][-]{subsubsection.2.2.2}{Negativ}{subsection.2.2}% 17
\BOOKMARK [1][-]{section.3}{Usability-Konzept}{}% 18
\BOOKMARK [2][-]{subsection.3.1}{Vorbetrachtung}{section.3}% 19
\BOOKMARK [3][-]{subsubsection.3.1.1}{UseCases}{subsection.3.1}% 20
\BOOKMARK [3][-]{subsubsection.3.1.2}{Wie sollen diese umgesetzt werden.}{subsection.3.1}% 21
\BOOKMARK [1][-]{section.4}{Umsetzung}{}% 22
\BOOKMARK [2][-]{subsection.4.1}{Vorraussetzungen}{section.4}% 23
\BOOKMARK [2][-]{subsection.4.2}{Realisierung}{section.4}% 24
\BOOKMARK [2][-]{subsection.4.3}{Wie wurden die Use Cases umgesetzt?}{section.4}% 25
\BOOKMARK [3][-]{subsubsection.4.3.1}{LandingScreen}{subsection.4.3}% 26
\BOOKMARK [2][-]{subsection.4.4}{Probleme und L\366sungen}{section.4}% 27
\BOOKMARK [3][-]{subsubsection.4.4.1}{Asynchronous Programming}{subsection.4.4}% 28
\BOOKMARK [3][-]{subsubsection.4.4.2}{Kamera}{subsection.4.4}% 29
\BOOKMARK [1][-]{section.5}{Ergebnis und Ausblick }{}% 30
\BOOKMARK [2][-]{subsection.5.1}{Ergebnis}{section.5}% 31
\BOOKMARK [2][-]{subsection.5.2}{Ausblick}{section.5}% 32
\BOOKMARK [2][-]{subsection.5.3}{Res\374mee}{section.5}% 33
